[2022-11-08 14:08:39,706] {taskinstance.py:826} INFO - Dependencies all met for <TaskInstance: hello_world.hello_task 2022-11-08T12:00:00+00:00 [queued]>
[2022-11-08 14:08:39,716] {taskinstance.py:826} INFO - Dependencies all met for <TaskInstance: hello_world.hello_task 2022-11-08T12:00:00+00:00 [queued]>
[2022-11-08 14:08:39,717] {taskinstance.py:1017} INFO - 
--------------------------------------------------------------------------------
[2022-11-08 14:08:39,717] {taskinstance.py:1018} INFO - Starting attempt 1 of 1
[2022-11-08 14:08:39,718] {taskinstance.py:1019} INFO - 
--------------------------------------------------------------------------------
[2022-11-08 14:08:39,730] {taskinstance.py:1038} INFO - Executing <Task(PythonOperator): hello_task> on 2022-11-08T12:00:00+00:00
[2022-11-08 14:08:39,732] {standard_task_runner.py:51} INFO - Started process 313 to run task
[2022-11-08 14:08:39,735] {standard_task_runner.py:75} INFO - Running: ['airflow', 'tasks', 'run', 'hello_world', 'hello_task', '2022-11-08T12:00:00+00:00', '--job-id', '5', '--pool', 'default_pool', '--raw', '--subdir', 'DAGS_FOLDER/hello_world.py', '--cfg-path', '/tmp/tmpoo9wic24']
[2022-11-08 14:08:39,737] {standard_task_runner.py:76} INFO - Job 5: Subtask hello_task
[2022-11-08 14:08:39,775] {logging_mixin.py:103} INFO - Running <TaskInstance: hello_world.hello_task 2022-11-08T12:00:00+00:00 [running]> on host ea08766bfbff
[2022-11-08 14:08:39,809] {taskinstance.py:1232} INFO - Exporting the following env vars:
AIRFLOW_CTX_DAG_OWNER=airflow
AIRFLOW_CTX_DAG_ID=hello_world
AIRFLOW_CTX_TASK_ID=hello_task
AIRFLOW_CTX_EXECUTION_DATE=2022-11-08T12:00:00+00:00
AIRFLOW_CTX_DAG_RUN_ID=backfill__2022-11-08T12:00:00+00:00
[2022-11-08 14:08:39,810] {python.py:118} INFO - Done. Returned value was: Hello world from first Airflow DAG!
[2022-11-08 14:08:39,830] {taskinstance.py:1142} INFO - Marking task as SUCCESS. dag_id=hello_world, task_id=hello_task, execution_date=20221108T120000, start_date=20221108T140839, end_date=20221108T140839
[2022-11-08 14:08:39,851] {taskinstance.py:1195} INFO - 0 downstream tasks scheduled from follow-on schedule check
[2022-11-08 14:08:39,868] {local_task_job.py:118} INFO - Task exited with return code 0
