[2022-11-08 16:14:01,252] {taskinstance.py:826} INFO - Dependencies all met for <TaskInstance: hello_world.hello_task 2022-11-08T12:00:00+00:00 [queued]>
[2022-11-08 16:14:01,263] {taskinstance.py:826} INFO - Dependencies all met for <TaskInstance: hello_world.hello_task 2022-11-08T12:00:00+00:00 [queued]>
[2022-11-08 16:14:01,264] {taskinstance.py:1017} INFO - 
--------------------------------------------------------------------------------
[2022-11-08 16:14:01,264] {taskinstance.py:1018} INFO - Starting attempt 2 of 2
[2022-11-08 16:14:01,265] {taskinstance.py:1019} INFO - 
--------------------------------------------------------------------------------
[2022-11-08 16:14:01,276] {taskinstance.py:1038} INFO - Executing <Task(PythonOperator): hello_task> on 2022-11-08T12:00:00+00:00
[2022-11-08 16:14:01,280] {standard_task_runner.py:51} INFO - Started process 2611 to run task
[2022-11-08 16:14:01,283] {standard_task_runner.py:75} INFO - Running: ['airflow', 'tasks', 'run', 'hello_world', 'hello_task', '2022-11-08T12:00:00+00:00', '--job-id', '13', '--pool', 'default_pool', '--raw', '--subdir', 'DAGS_FOLDER/hello_world.py', '--cfg-path', '/tmp/tmpfwywxatg']
[2022-11-08 16:14:01,285] {standard_task_runner.py:76} INFO - Job 13: Subtask hello_task
[2022-11-08 16:14:01,322] {logging_mixin.py:103} INFO - Running <TaskInstance: hello_world.hello_task 2022-11-08T12:00:00+00:00 [running]> on host afacac24f2d6
[2022-11-08 16:14:01,356] {taskinstance.py:1232} INFO - Exporting the following env vars:
AIRFLOW_CTX_DAG_OWNER=airflow
AIRFLOW_CTX_DAG_ID=hello_world
AIRFLOW_CTX_TASK_ID=hello_task
AIRFLOW_CTX_EXECUTION_DATE=2022-11-08T12:00:00+00:00
AIRFLOW_CTX_DAG_RUN_ID=backfill__2022-11-08T12:00:00+00:00
[2022-11-08 16:14:01,357] {python.py:118} INFO - Done. Returned value was: Hello world from first Airflow DAG!
[2022-11-08 16:14:01,377] {taskinstance.py:1142} INFO - Marking task as SUCCESS. dag_id=hello_world, task_id=hello_task, execution_date=20221108T120000, start_date=20221108T161401, end_date=20221108T161401
[2022-11-08 16:14:01,397] {taskinstance.py:1195} INFO - 0 downstream tasks scheduled from follow-on schedule check
[2022-11-08 16:14:01,414] {local_task_job.py:118} INFO - Task exited with return code 0
