[2022-11-14 23:09:16,467] {taskinstance.py:826} INFO - Dependencies all met for <TaskInstance: pyspark_bmi.load_data 2022-11-14T18:00:00+00:00 [queued]>
[2022-11-14 23:09:16,476] {taskinstance.py:826} INFO - Dependencies all met for <TaskInstance: pyspark_bmi.load_data 2022-11-14T18:00:00+00:00 [queued]>
[2022-11-14 23:09:16,476] {taskinstance.py:1017} INFO - 
--------------------------------------------------------------------------------
[2022-11-14 23:09:16,476] {taskinstance.py:1018} INFO - Starting attempt 1 of 1
[2022-11-14 23:09:16,476] {taskinstance.py:1019} INFO - 
--------------------------------------------------------------------------------
[2022-11-14 23:09:16,490] {taskinstance.py:1038} INFO - Executing <Task(PythonOperator): load_data> on 2022-11-14T18:00:00+00:00
[2022-11-14 23:09:16,495] {standard_task_runner.py:51} INFO - Started process 4851 to run task
[2022-11-14 23:09:16,498] {standard_task_runner.py:75} INFO - Running: ['airflow', 'tasks', 'run', 'pyspark_bmi', 'load_data', '2022-11-14T18:00:00+00:00', '--job-id', '5', '--pool', 'default_pool', '--raw', '--subdir', 'DAGS_FOLDER/pyspark_bmi.py', '--cfg-path', '/tmp/tmp0hzc41ly']
[2022-11-14 23:09:16,500] {standard_task_runner.py:76} INFO - Job 5: Subtask load_data
[2022-11-14 23:09:16,544] {logging_mixin.py:103} INFO - Running <TaskInstance: pyspark_bmi.load_data 2022-11-14T18:00:00+00:00 [running]> on host d72ae9b357db
[2022-11-14 23:09:16,585] {taskinstance.py:1232} INFO - Exporting the following env vars:
AIRFLOW_CTX_DAG_OWNER=airflow
AIRFLOW_CTX_DAG_ID=pyspark_bmi
AIRFLOW_CTX_TASK_ID=load_data
AIRFLOW_CTX_EXECUTION_DATE=2022-11-14T18:00:00+00:00
AIRFLOW_CTX_DAG_RUN_ID=backfill__2022-11-14T18:00:00+00:00
[2022-11-14 23:09:16,801] {logging_mixin.py:103} INFO -      Sexo             Criterio  Promedio IMC  Peso promedio
0    Male        Obesidad leve     27.756955      85.322581
1    Male            Bajo peso     16.836920      58.000000
2    Male  Obesidad muy severa     51.055883     130.632075
3    Male               Normal     22.905755      72.846154
4    Male      Obesidad severa     35.456906     107.237288
5  Female  Obesidad muy severa     49.646783     131.752137
6  Female            Bajo peso     16.839550      57.000000
7  Female      Obesidad severa     32.821129     102.084746
8  Female               Normal     21.896739      64.880000
9  Female        Obesidad leve     26.371612      80.285714
[2022-11-14 23:09:16,801] {python.py:118} INFO - Done. Returned value was: None
[2022-11-14 23:09:16,812] {taskinstance.py:1142} INFO - Marking task as SUCCESS. dag_id=pyspark_bmi, task_id=load_data, execution_date=20221114T180000, start_date=20221114T230916, end_date=20221114T230916
[2022-11-14 23:09:16,841] {taskinstance.py:1195} INFO - 0 downstream tasks scheduled from follow-on schedule check
[2022-11-14 23:09:16,870] {local_task_job.py:118} INFO - Task exited with return code 0
