[2022-11-14 23:08:46,464] {taskinstance.py:826} INFO - Dependencies all met for <TaskInstance: pyspark_bmi.generate_bmi_criteria 2022-11-14T18:00:00+00:00 [queued]>
[2022-11-14 23:08:46,476] {taskinstance.py:826} INFO - Dependencies all met for <TaskInstance: pyspark_bmi.generate_bmi_criteria 2022-11-14T18:00:00+00:00 [queued]>
[2022-11-14 23:08:46,476] {taskinstance.py:1017} INFO - 
--------------------------------------------------------------------------------
[2022-11-14 23:08:46,477] {taskinstance.py:1018} INFO - Starting attempt 1 of 1
[2022-11-14 23:08:46,477] {taskinstance.py:1019} INFO - 
--------------------------------------------------------------------------------
[2022-11-14 23:08:46,491] {taskinstance.py:1038} INFO - Executing <Task(PythonOperator): generate_bmi_criteria> on 2022-11-14T18:00:00+00:00
[2022-11-14 23:08:46,496] {standard_task_runner.py:51} INFO - Started process 4209 to run task
[2022-11-14 23:08:46,499] {standard_task_runner.py:75} INFO - Running: ['airflow', 'tasks', 'run', 'pyspark_bmi', 'generate_bmi_criteria', '2022-11-14T18:00:00+00:00', '--job-id', '4', '--pool', 'default_pool', '--raw', '--subdir', 'DAGS_FOLDER/pyspark_bmi.py', '--cfg-path', '/tmp/tmpaz99fxge']
[2022-11-14 23:08:46,502] {standard_task_runner.py:76} INFO - Job 4: Subtask generate_bmi_criteria
[2022-11-14 23:08:46,544] {logging_mixin.py:103} INFO - Running <TaskInstance: pyspark_bmi.generate_bmi_criteria 2022-11-14T18:00:00+00:00 [running]> on host d72ae9b357db
[2022-11-14 23:08:46,590] {taskinstance.py:1232} INFO - Exporting the following env vars:
AIRFLOW_CTX_DAG_OWNER=airflow
AIRFLOW_CTX_DAG_ID=pyspark_bmi
AIRFLOW_CTX_TASK_ID=generate_bmi_criteria
AIRFLOW_CTX_EXECUTION_DATE=2022-11-14T18:00:00+00:00
AIRFLOW_CTX_DAG_RUN_ID=backfill__2022-11-14T18:00:00+00:00
[2022-11-14 23:08:47,383] {pyspark_bmi.py:61} INFO - Job submitted successfully. Driver id is driver-20221114230847-0000
[2022-11-14 23:09:06,639] {pyspark_bmi.py:74} INFO - Job is finished. Moving to next task
[2022-11-14 23:09:06,639] {python.py:118} INFO - Done. Returned value was: None
[2022-11-14 23:09:06,649] {taskinstance.py:1142} INFO - Marking task as SUCCESS. dag_id=pyspark_bmi, task_id=generate_bmi_criteria, execution_date=20221114T180000, start_date=20221114T230846, end_date=20221114T230906
[2022-11-14 23:09:06,673] {taskinstance.py:1195} INFO - 0 downstream tasks scheduled from follow-on schedule check
[2022-11-14 23:09:06,679] {local_task_job.py:118} INFO - Task exited with return code 0
