[2022-11-08 16:14:11,264] {taskinstance.py:826} INFO - Dependencies all met for <TaskInstance: hello_world.process_pandas_data 2022-11-08T12:00:00+00:00 [queued]>
[2022-11-08 16:14:11,273] {taskinstance.py:826} INFO - Dependencies all met for <TaskInstance: hello_world.process_pandas_data 2022-11-08T12:00:00+00:00 [queued]>
[2022-11-08 16:14:11,274] {taskinstance.py:1017} INFO - 
--------------------------------------------------------------------------------
[2022-11-08 16:14:11,274] {taskinstance.py:1018} INFO - Starting attempt 2 of 2
[2022-11-08 16:14:11,275] {taskinstance.py:1019} INFO - 
--------------------------------------------------------------------------------
[2022-11-08 16:14:11,286] {taskinstance.py:1038} INFO - Executing <Task(PythonOperator): process_pandas_data> on 2022-11-08T12:00:00+00:00
[2022-11-08 16:14:11,290] {standard_task_runner.py:51} INFO - Started process 2613 to run task
[2022-11-08 16:14:11,293] {standard_task_runner.py:75} INFO - Running: ['airflow', 'tasks', 'run', 'hello_world', 'process_pandas_data', '2022-11-08T12:00:00+00:00', '--job-id', '14', '--pool', 'default_pool', '--raw', '--subdir', 'DAGS_FOLDER/hello_world.py', '--cfg-path', '/tmp/tmpsbgdgz1k']
[2022-11-08 16:14:11,295] {standard_task_runner.py:76} INFO - Job 14: Subtask process_pandas_data
[2022-11-08 16:14:11,331] {logging_mixin.py:103} INFO - Running <TaskInstance: hello_world.process_pandas_data 2022-11-08T12:00:00+00:00 [running]> on host afacac24f2d6
[2022-11-08 16:14:11,363] {taskinstance.py:1232} INFO - Exporting the following env vars:
AIRFLOW_CTX_DAG_OWNER=airflow
AIRFLOW_CTX_DAG_ID=hello_world
AIRFLOW_CTX_TASK_ID=process_pandas_data
AIRFLOW_CTX_EXECUTION_DATE=2022-11-08T12:00:00+00:00
AIRFLOW_CTX_DAG_RUN_ID=backfill__2022-11-08T12:00:00+00:00
[2022-11-08 16:14:11,382] {logging_mixin.py:103} INFO -     Weight  Height
0       96     174
1       87     189
2      110     185
3      104     195
4       61     149
5      104     189
6       92     147
7      111     154
8       90     174
9      103     169
10      81     195
11      80     159
12     101     192
13      51     155
14      79     191
15     107     153
16     110     157
17     129     140
18     145     144
19     139     172
[2022-11-08 16:14:11,389] {logging_mixin.py:103} INFO - Returned value from previous task Hello world from first Airflow DAG!
[2022-11-08 16:14:11,390] {python.py:118} INFO - Done. Returned value was: None
[2022-11-08 16:14:11,398] {taskinstance.py:1142} INFO - Marking task as SUCCESS. dag_id=hello_world, task_id=process_pandas_data, execution_date=20221108T120000, start_date=20221108T161411, end_date=20221108T161411
[2022-11-08 16:14:11,419] {taskinstance.py:1195} INFO - 0 downstream tasks scheduled from follow-on schedule check
[2022-11-08 16:14:11,424] {local_task_job.py:118} INFO - Task exited with return code 0
