[2022-11-14 23:08:36,473] {taskinstance.py:826} INFO - Dependencies all met for <TaskInstance: pyspark_bmi.download_dataset 2022-11-14T18:00:00+00:00 [queued]>
[2022-11-14 23:08:36,484] {taskinstance.py:826} INFO - Dependencies all met for <TaskInstance: pyspark_bmi.download_dataset 2022-11-14T18:00:00+00:00 [queued]>
[2022-11-14 23:08:36,484] {taskinstance.py:1017} INFO - 
--------------------------------------------------------------------------------
[2022-11-14 23:08:36,485] {taskinstance.py:1018} INFO - Starting attempt 1 of 1
[2022-11-14 23:08:36,485] {taskinstance.py:1019} INFO - 
--------------------------------------------------------------------------------
[2022-11-14 23:08:36,498] {taskinstance.py:1038} INFO - Executing <Task(PythonOperator): download_dataset> on 2022-11-14T18:00:00+00:00
[2022-11-14 23:08:36,503] {standard_task_runner.py:51} INFO - Started process 3957 to run task
[2022-11-14 23:08:36,506] {standard_task_runner.py:75} INFO - Running: ['airflow', 'tasks', 'run', 'pyspark_bmi', 'download_dataset', '2022-11-14T18:00:00+00:00', '--job-id', '3', '--pool', 'default_pool', '--raw', '--subdir', 'DAGS_FOLDER/pyspark_bmi.py', '--cfg-path', '/tmp/tmpvvoqy085']
[2022-11-14 23:08:36,508] {standard_task_runner.py:76} INFO - Job 3: Subtask download_dataset
[2022-11-14 23:08:36,555] {logging_mixin.py:103} INFO - Running <TaskInstance: pyspark_bmi.download_dataset 2022-11-14T18:00:00+00:00 [running]> on host d72ae9b357db
[2022-11-14 23:08:36,607] {taskinstance.py:1232} INFO - Exporting the following env vars:
AIRFLOW_CTX_DAG_OWNER=airflow
AIRFLOW_CTX_DAG_ID=pyspark_bmi
AIRFLOW_CTX_TASK_ID=download_dataset
AIRFLOW_CTX_EXECUTION_DATE=2022-11-14T18:00:00+00:00
AIRFLOW_CTX_DAG_RUN_ID=backfill__2022-11-14T18:00:00+00:00
[2022-11-14 23:08:37,420] {python.py:118} INFO - Done. Returned value was: None
[2022-11-14 23:08:37,435] {taskinstance.py:1142} INFO - Marking task as SUCCESS. dag_id=pyspark_bmi, task_id=download_dataset, execution_date=20221114T180000, start_date=20221114T230836, end_date=20221114T230837
[2022-11-14 23:08:37,469] {taskinstance.py:1195} INFO - 0 downstream tasks scheduled from follow-on schedule check
[2022-11-14 23:08:37,479] {local_task_job.py:118} INFO - Task exited with return code 0
