[2022-11-14 03:57:57,231] {taskinstance.py:826} INFO - Dependencies all met for <TaskInstance: pyspark_bmi.load_data 2022-11-13T12:00:00+00:00 [queued]>
[2022-11-14 03:57:57,242] {taskinstance.py:826} INFO - Dependencies all met for <TaskInstance: pyspark_bmi.load_data 2022-11-13T12:00:00+00:00 [queued]>
[2022-11-14 03:57:57,242] {taskinstance.py:1017} INFO - 
--------------------------------------------------------------------------------
[2022-11-14 03:57:57,242] {taskinstance.py:1018} INFO - Starting attempt 6 of 6
[2022-11-14 03:57:57,242] {taskinstance.py:1019} INFO - 
--------------------------------------------------------------------------------
[2022-11-14 03:57:57,256] {taskinstance.py:1038} INFO - Executing <Task(PythonOperator): load_data> on 2022-11-13T12:00:00+00:00
[2022-11-14 03:57:57,260] {standard_task_runner.py:51} INFO - Started process 39803 to run task
[2022-11-14 03:57:57,264] {standard_task_runner.py:75} INFO - Running: ['airflow', 'tasks', 'run', 'pyspark_bmi', 'load_data', '2022-11-13T12:00:00+00:00', '--job-id', '23', '--pool', 'default_pool', '--raw', '--subdir', 'DAGS_FOLDER/pyspark_bmi.py', '--cfg-path', '/tmp/tmpkgaw_6xe']
[2022-11-14 03:57:57,267] {standard_task_runner.py:76} INFO - Job 23: Subtask load_data
[2022-11-14 03:57:57,306] {logging_mixin.py:103} INFO - Running <TaskInstance: pyspark_bmi.load_data 2022-11-13T12:00:00+00:00 [running]> on host 676a9425fa5f
[2022-11-14 03:57:57,351] {taskinstance.py:1232} INFO - Exporting the following env vars:
AIRFLOW_CTX_DAG_OWNER=airflow
AIRFLOW_CTX_DAG_ID=pyspark_bmi
AIRFLOW_CTX_TASK_ID=load_data
AIRFLOW_CTX_EXECUTION_DATE=2022-11-13T12:00:00+00:00
AIRFLOW_CTX_DAG_RUN_ID=backfill__2022-11-13T12:00:00+00:00
[2022-11-14 03:57:57,550] {logging_mixin.py:103} INFO - Empty DataFrame
Columns: [Gender, Height, Weight, Index, imc, Criterio]
Index: []
[2022-11-14 03:57:57,550] {python.py:118} INFO - Done. Returned value was: None
[2022-11-14 03:57:57,561] {taskinstance.py:1142} INFO - Marking task as SUCCESS. dag_id=pyspark_bmi, task_id=load_data, execution_date=20221113T120000, start_date=20221114T035757, end_date=20221114T035757
[2022-11-14 03:57:57,586] {taskinstance.py:1195} INFO - 0 downstream tasks scheduled from follow-on schedule check
[2022-11-14 03:57:57,635] {local_task_job.py:118} INFO - Task exited with return code 0
