[2022-11-14 04:03:20,944] {taskinstance.py:826} INFO - Dependencies all met for <TaskInstance: pyspark_bmi.load_data 2022-11-13T12:00:00+00:00 [queued]>
[2022-11-14 04:03:20,959] {taskinstance.py:826} INFO - Dependencies all met for <TaskInstance: pyspark_bmi.load_data 2022-11-13T12:00:00+00:00 [queued]>
[2022-11-14 04:03:20,959] {taskinstance.py:1017} INFO - 
--------------------------------------------------------------------------------
[2022-11-14 04:03:20,959] {taskinstance.py:1018} INFO - Starting attempt 7 of 7
[2022-11-14 04:03:20,959] {taskinstance.py:1019} INFO - 
--------------------------------------------------------------------------------
[2022-11-14 04:03:20,967] {taskinstance.py:1038} INFO - Executing <Task(PythonOperator): load_data> on 2022-11-13T12:00:00+00:00
[2022-11-14 04:03:20,971] {standard_task_runner.py:51} INFO - Started process 49039 to run task
[2022-11-14 04:03:20,975] {standard_task_runner.py:75} INFO - Running: ['airflow', 'tasks', 'run', 'pyspark_bmi', 'load_data', '2022-11-13T12:00:00+00:00', '--job-id', '27', '--pool', 'default_pool', '--raw', '--subdir', 'DAGS_FOLDER/pyspark_bmi.py', '--cfg-path', '/tmp/tmpxj3g2any']
[2022-11-14 04:03:20,978] {standard_task_runner.py:76} INFO - Job 27: Subtask load_data
[2022-11-14 04:03:21,019] {logging_mixin.py:103} INFO - Running <TaskInstance: pyspark_bmi.load_data 2022-11-13T12:00:00+00:00 [running]> on host 676a9425fa5f
[2022-11-14 04:03:21,064] {taskinstance.py:1232} INFO - Exporting the following env vars:
AIRFLOW_CTX_DAG_OWNER=airflow
AIRFLOW_CTX_DAG_ID=pyspark_bmi
AIRFLOW_CTX_TASK_ID=load_data
AIRFLOW_CTX_EXECUTION_DATE=2022-11-13T12:00:00+00:00
AIRFLOW_CTX_DAG_RUN_ID=backfill__2022-11-13T12:00:00+00:00
[2022-11-14 04:03:21,337] {logging_mixin.py:103} INFO -    Gender  Height  Weight  Index        imc             Criterio
0    Male     174      96      4  31.708284      Obesidad severa
1    Male     189      87      2  24.355421               Normal
2    Male     149      61      3  27.476240        Obesidad leve
3    Male     189     104      3  29.114526        Obesidad leve
4    Male     147      92      5  42.574853  Obesidad muy severa
5    Male     154     111      5  46.803846  Obesidad muy severa
6    Male     174      90      3  29.726516        Obesidad leve
7    Male     195      81      2  21.301775               Normal
8    Male     155      51      2  21.227888               Normal
9    Male     191      79      2  21.655108               Normal
10   Male     140     129      5  65.816327  Obesidad muy severa
11   Male     144     145      5  69.926698  Obesidad muy severa
12   Male     172     139      5  46.984857  Obesidad muy severa
13   Male     157     110      5  44.626557  Obesidad muy severa
14   Male     185     139      5  40.613587  Obesidad muy severa
15   Male     190      95      3  26.315789        Obesidad leve
16   Male     187      62      1  17.729989            Bajo peso
17   Male     179     152      5  47.439219  Obesidad muy severa
18   Male     153     121      5  51.689521  Obesidad muy severa
19   Male     178      52      1  16.412069            Bajo peso
[2022-11-14 04:03:21,337] {python.py:118} INFO - Done. Returned value was: None
[2022-11-14 04:03:21,348] {taskinstance.py:1142} INFO - Marking task as SUCCESS. dag_id=pyspark_bmi, task_id=load_data, execution_date=20221113T120000, start_date=20221114T040320, end_date=20221114T040321
[2022-11-14 04:03:21,374] {taskinstance.py:1195} INFO - 0 downstream tasks scheduled from follow-on schedule check
[2022-11-14 04:03:21,386] {local_task_job.py:118} INFO - Task exited with return code 0
