[2022-11-14 04:07:23,074] {taskinstance.py:826} INFO - Dependencies all met for <TaskInstance: pyspark_bmi.load_data 2022-11-13T12:00:00+00:00 [queued]>
[2022-11-14 04:07:23,092] {taskinstance.py:826} INFO - Dependencies all met for <TaskInstance: pyspark_bmi.load_data 2022-11-13T12:00:00+00:00 [queued]>
[2022-11-14 04:07:23,092] {taskinstance.py:1017} INFO - 
--------------------------------------------------------------------------------
[2022-11-14 04:07:23,092] {taskinstance.py:1018} INFO - Starting attempt 8 of 8
[2022-11-14 04:07:23,092] {taskinstance.py:1019} INFO - 
--------------------------------------------------------------------------------
[2022-11-14 04:07:23,101] {taskinstance.py:1038} INFO - Executing <Task(PythonOperator): load_data> on 2022-11-13T12:00:00+00:00
[2022-11-14 04:07:23,105] {standard_task_runner.py:51} INFO - Started process 56026 to run task
[2022-11-14 04:07:23,108] {standard_task_runner.py:75} INFO - Running: ['airflow', 'tasks', 'run', 'pyspark_bmi', 'load_data', '2022-11-13T12:00:00+00:00', '--job-id', '31', '--pool', 'default_pool', '--raw', '--subdir', 'DAGS_FOLDER/pyspark_bmi.py', '--cfg-path', '/tmp/tmplx2qsz8h']
[2022-11-14 04:07:23,111] {standard_task_runner.py:76} INFO - Job 31: Subtask load_data
[2022-11-14 04:07:23,151] {logging_mixin.py:103} INFO - Running <TaskInstance: pyspark_bmi.load_data 2022-11-13T12:00:00+00:00 [running]> on host 676a9425fa5f
[2022-11-14 04:07:23,190] {taskinstance.py:1232} INFO - Exporting the following env vars:
AIRFLOW_CTX_DAG_OWNER=airflow
AIRFLOW_CTX_DAG_ID=pyspark_bmi
AIRFLOW_CTX_TASK_ID=load_data
AIRFLOW_CTX_EXECUTION_DATE=2022-11-13T12:00:00+00:00
AIRFLOW_CTX_DAG_RUN_ID=backfill__2022-11-13T12:00:00+00:00
[2022-11-14 04:07:23,425] {logging_mixin.py:103} INFO -               Criterio  Gender  Promedio IMC  Peso promedio
0               Normal    Male     22.905755      72.846154
1        Obesidad leve    Male     27.756955      85.322581
2            Bajo peso    Male     16.836920      58.000000
3      Obesidad severa    Male     35.456906     107.237288
4  Obesidad muy severa    Male     51.055883     130.632075
5            Bajo peso  Female     16.839550      57.000000
6               Normal  Female     21.896739      64.880000
7      Obesidad severa  Female     32.821129     102.084746
8  Obesidad muy severa  Female     49.646783     131.752137
9        Obesidad leve  Female     26.371612      80.285714
[2022-11-14 04:07:23,425] {python.py:118} INFO - Done. Returned value was: None
[2022-11-14 04:07:23,434] {taskinstance.py:1142} INFO - Marking task as SUCCESS. dag_id=pyspark_bmi, task_id=load_data, execution_date=20221113T120000, start_date=20221114T040723, end_date=20221114T040723
[2022-11-14 04:07:23,458] {taskinstance.py:1195} INFO - 0 downstream tasks scheduled from follow-on schedule check
[2022-11-14 04:07:23,479] {local_task_job.py:118} INFO - Task exited with return code 0
