[2022-11-14 03:57:22,188] {taskinstance.py:826} INFO - Dependencies all met for <TaskInstance: pyspark_bmi.download_dataset 2022-11-13T12:00:00+00:00 [queued]>
[2022-11-14 03:57:22,204] {taskinstance.py:826} INFO - Dependencies all met for <TaskInstance: pyspark_bmi.download_dataset 2022-11-13T12:00:00+00:00 [queued]>
[2022-11-14 03:57:22,204] {taskinstance.py:1017} INFO - 
--------------------------------------------------------------------------------
[2022-11-14 03:57:22,205] {taskinstance.py:1018} INFO - Starting attempt 2 of 2
[2022-11-14 03:57:22,205] {taskinstance.py:1019} INFO - 
--------------------------------------------------------------------------------
[2022-11-14 03:57:22,212] {taskinstance.py:1038} INFO - Executing <Task(PythonOperator): download_dataset> on 2022-11-13T12:00:00+00:00
[2022-11-14 03:57:22,216] {standard_task_runner.py:51} INFO - Started process 38924 to run task
[2022-11-14 03:57:22,220] {standard_task_runner.py:75} INFO - Running: ['airflow', 'tasks', 'run', 'pyspark_bmi', 'download_dataset', '2022-11-13T12:00:00+00:00', '--job-id', '21', '--pool', 'default_pool', '--raw', '--subdir', 'DAGS_FOLDER/pyspark_bmi.py', '--cfg-path', '/tmp/tmp3wtjyiow']
[2022-11-14 03:57:22,222] {standard_task_runner.py:76} INFO - Job 21: Subtask download_dataset
[2022-11-14 03:57:22,264] {logging_mixin.py:103} INFO - Running <TaskInstance: pyspark_bmi.download_dataset 2022-11-13T12:00:00+00:00 [running]> on host 676a9425fa5f
[2022-11-14 03:57:22,299] {taskinstance.py:1232} INFO - Exporting the following env vars:
AIRFLOW_CTX_DAG_OWNER=airflow
AIRFLOW_CTX_DAG_ID=pyspark_bmi
AIRFLOW_CTX_TASK_ID=download_dataset
AIRFLOW_CTX_EXECUTION_DATE=2022-11-13T12:00:00+00:00
AIRFLOW_CTX_DAG_RUN_ID=backfill__2022-11-13T12:00:00+00:00
[2022-11-14 03:57:22,847] {python.py:118} INFO - Done. Returned value was: None
[2022-11-14 03:57:22,856] {taskinstance.py:1142} INFO - Marking task as SUCCESS. dag_id=pyspark_bmi, task_id=download_dataset, execution_date=20221113T120000, start_date=20221114T035722, end_date=20221114T035722
[2022-11-14 03:57:22,883] {taskinstance.py:1195} INFO - 0 downstream tasks scheduled from follow-on schedule check
[2022-11-14 03:57:22,912] {local_task_job.py:118} INFO - Task exited with return code 0
