[2022-11-14 04:06:48,038] {taskinstance.py:826} INFO - Dependencies all met for <TaskInstance: pyspark_bmi.download_dataset 2022-11-13T12:00:00+00:00 [queued]>
[2022-11-14 04:06:48,057] {taskinstance.py:826} INFO - Dependencies all met for <TaskInstance: pyspark_bmi.download_dataset 2022-11-13T12:00:00+00:00 [queued]>
[2022-11-14 04:06:48,057] {taskinstance.py:1017} INFO - 
--------------------------------------------------------------------------------
[2022-11-14 04:06:48,057] {taskinstance.py:1018} INFO - Starting attempt 4 of 4
[2022-11-14 04:06:48,057] {taskinstance.py:1019} INFO - 
--------------------------------------------------------------------------------
[2022-11-14 04:06:48,064] {taskinstance.py:1038} INFO - Executing <Task(PythonOperator): download_dataset> on 2022-11-13T12:00:00+00:00
[2022-11-14 04:06:48,068] {standard_task_runner.py:51} INFO - Started process 55127 to run task
[2022-11-14 04:06:48,071] {standard_task_runner.py:75} INFO - Running: ['airflow', 'tasks', 'run', 'pyspark_bmi', 'download_dataset', '2022-11-13T12:00:00+00:00', '--job-id', '29', '--pool', 'default_pool', '--raw', '--subdir', 'DAGS_FOLDER/pyspark_bmi.py', '--cfg-path', '/tmp/tmp4o6io4of']
[2022-11-14 04:06:48,074] {standard_task_runner.py:76} INFO - Job 29: Subtask download_dataset
[2022-11-14 04:06:48,113] {logging_mixin.py:103} INFO - Running <TaskInstance: pyspark_bmi.download_dataset 2022-11-13T12:00:00+00:00 [running]> on host 676a9425fa5f
[2022-11-14 04:06:48,150] {taskinstance.py:1232} INFO - Exporting the following env vars:
AIRFLOW_CTX_DAG_OWNER=airflow
AIRFLOW_CTX_DAG_ID=pyspark_bmi
AIRFLOW_CTX_TASK_ID=download_dataset
AIRFLOW_CTX_EXECUTION_DATE=2022-11-13T12:00:00+00:00
AIRFLOW_CTX_DAG_RUN_ID=backfill__2022-11-13T12:00:00+00:00
[2022-11-14 04:06:48,507] {python.py:118} INFO - Done. Returned value was: None
[2022-11-14 04:06:48,516] {taskinstance.py:1142} INFO - Marking task as SUCCESS. dag_id=pyspark_bmi, task_id=download_dataset, execution_date=20221113T120000, start_date=20221114T040648, end_date=20221114T040648
[2022-11-14 04:06:48,542] {taskinstance.py:1195} INFO - 0 downstream tasks scheduled from follow-on schedule check
[2022-11-14 04:06:48,563] {local_task_job.py:118} INFO - Task exited with return code 0
