[2022-11-14 02:00:26,035] {taskinstance.py:826} INFO - Dependencies all met for <TaskInstance: pyspark_bmi.generate_bmi_criteria 2022-11-13T12:00:00+00:00 [queued]>
[2022-11-14 02:00:26,055] {taskinstance.py:826} INFO - Dependencies all met for <TaskInstance: pyspark_bmi.generate_bmi_criteria 2022-11-13T12:00:00+00:00 [queued]>
[2022-11-14 02:00:26,055] {taskinstance.py:1017} INFO - 
--------------------------------------------------------------------------------
[2022-11-14 02:00:26,055] {taskinstance.py:1018} INFO - Starting attempt 2 of 2
[2022-11-14 02:00:26,055] {taskinstance.py:1019} INFO - 
--------------------------------------------------------------------------------
[2022-11-14 02:00:26,064] {taskinstance.py:1038} INFO - Executing <Task(PythonOperator): generate_bmi_criteria> on 2022-11-13T12:00:00+00:00
[2022-11-14 02:00:26,070] {standard_task_runner.py:51} INFO - Started process 9885 to run task
[2022-11-14 02:00:26,073] {standard_task_runner.py:75} INFO - Running: ['airflow', 'tasks', 'run', 'pyspark_bmi', 'generate_bmi_criteria', '2022-11-13T12:00:00+00:00', '--job-id', '5', '--pool', 'default_pool', '--raw', '--subdir', 'DAGS_FOLDER/pyspark_bmi.py', '--cfg-path', '/tmp/tmpxw69vhbm']
[2022-11-14 02:00:26,075] {standard_task_runner.py:76} INFO - Job 5: Subtask generate_bmi_criteria
[2022-11-14 02:00:26,122] {logging_mixin.py:103} INFO - Running <TaskInstance: pyspark_bmi.generate_bmi_criteria 2022-11-13T12:00:00+00:00 [running]> on host 6f0683b4a09b
[2022-11-14 02:00:26,158] {taskinstance.py:1232} INFO - Exporting the following env vars:
AIRFLOW_CTX_DAG_OWNER=airflow
AIRFLOW_CTX_DAG_ID=pyspark_bmi
AIRFLOW_CTX_TASK_ID=generate_bmi_criteria
AIRFLOW_CTX_EXECUTION_DATE=2022-11-13T12:00:00+00:00
AIRFLOW_CTX_DAG_RUN_ID=backfill__2022-11-13T12:00:00+00:00
[2022-11-14 02:00:39,277] {python.py:118} INFO - Done. Returned value was: None
[2022-11-14 02:00:39,291] {taskinstance.py:1142} INFO - Marking task as SUCCESS. dag_id=pyspark_bmi, task_id=generate_bmi_criteria, execution_date=20221113T120000, start_date=20221114T020026, end_date=20221114T020039
[2022-11-14 02:00:39,332] {taskinstance.py:1195} INFO - 0 downstream tasks scheduled from follow-on schedule check
[2022-11-14 02:00:39,365] {local_task_job.py:118} INFO - Task exited with return code 0
[2022-11-14 03:41:11,583] {taskinstance.py:826} INFO - Dependencies all met for <TaskInstance: pyspark_bmi.generate_bmi_criteria 2022-11-13T12:00:00+00:00 [queued]>
[2022-11-14 03:41:11,602] {taskinstance.py:826} INFO - Dependencies all met for <TaskInstance: pyspark_bmi.generate_bmi_criteria 2022-11-13T12:00:00+00:00 [queued]>
[2022-11-14 03:41:11,602] {taskinstance.py:1017} INFO - 
--------------------------------------------------------------------------------
[2022-11-14 03:41:11,602] {taskinstance.py:1018} INFO - Starting attempt 2 of 2
[2022-11-14 03:41:11,602] {taskinstance.py:1019} INFO - 
--------------------------------------------------------------------------------
[2022-11-14 03:41:11,609] {taskinstance.py:1038} INFO - Executing <Task(PythonOperator): generate_bmi_criteria> on 2022-11-13T12:00:00+00:00
[2022-11-14 03:41:11,613] {standard_task_runner.py:51} INFO - Started process 9555 to run task
[2022-11-14 03:41:11,617] {standard_task_runner.py:75} INFO - Running: ['airflow', 'tasks', 'run', 'pyspark_bmi', 'generate_bmi_criteria', '2022-11-13T12:00:00+00:00', '--job-id', '9', '--pool', 'default_pool', '--raw', '--subdir', 'DAGS_FOLDER/pyspark_bmi.py', '--cfg-path', '/tmp/tmpcr4ae3k8']
[2022-11-14 03:41:11,620] {standard_task_runner.py:76} INFO - Job 9: Subtask generate_bmi_criteria
[2022-11-14 03:41:11,665] {logging_mixin.py:103} INFO - Running <TaskInstance: pyspark_bmi.generate_bmi_criteria 2022-11-13T12:00:00+00:00 [running]> on host 676a9425fa5f
[2022-11-14 03:41:11,711] {taskinstance.py:1232} INFO - Exporting the following env vars:
AIRFLOW_CTX_DAG_OWNER=airflow
AIRFLOW_CTX_DAG_ID=pyspark_bmi
AIRFLOW_CTX_TASK_ID=generate_bmi_criteria
AIRFLOW_CTX_EXECUTION_DATE=2022-11-13T12:00:00+00:00
AIRFLOW_CTX_DAG_RUN_ID=backfill__2022-11-13T12:00:00+00:00
[2022-11-14 03:41:11,730] {pyspark_bmi.py:52} INFO - Job submitted successfully. Driver id is driver-20221114034111-0001
[2022-11-14 03:41:25,854] {pyspark_bmi.py:65} INFO - Job is finished. Moving to next task
[2022-11-14 03:41:25,854] {python.py:118} INFO - Done. Returned value was: None
[2022-11-14 03:41:25,866] {taskinstance.py:1142} INFO - Marking task as SUCCESS. dag_id=pyspark_bmi, task_id=generate_bmi_criteria, execution_date=20221113T120000, start_date=20221114T034111, end_date=20221114T034125
[2022-11-14 03:41:25,900] {taskinstance.py:1195} INFO - 0 downstream tasks scheduled from follow-on schedule check
[2022-11-14 03:41:25,948] {local_task_job.py:118} INFO - Task exited with return code 0
