[2022-11-14 02:04:18,382] {taskinstance.py:826} INFO - Dependencies all met for <TaskInstance: pyspark_bmi.generate_bmi_criteria 2022-11-13T12:00:00+00:00 [queued]>
[2022-11-14 02:04:18,400] {taskinstance.py:826} INFO - Dependencies all met for <TaskInstance: pyspark_bmi.generate_bmi_criteria 2022-11-13T12:00:00+00:00 [queued]>
[2022-11-14 02:04:18,400] {taskinstance.py:1017} INFO - 
--------------------------------------------------------------------------------
[2022-11-14 02:04:18,400] {taskinstance.py:1018} INFO - Starting attempt 3 of 3
[2022-11-14 02:04:18,400] {taskinstance.py:1019} INFO - 
--------------------------------------------------------------------------------
[2022-11-14 02:04:18,409] {taskinstance.py:1038} INFO - Executing <Task(PythonOperator): generate_bmi_criteria> on 2022-11-13T12:00:00+00:00
[2022-11-14 02:04:18,414] {standard_task_runner.py:51} INFO - Started process 17831 to run task
[2022-11-14 02:04:18,417] {standard_task_runner.py:75} INFO - Running: ['airflow', 'tasks', 'run', 'pyspark_bmi', 'generate_bmi_criteria', '2022-11-13T12:00:00+00:00', '--job-id', '8', '--pool', 'default_pool', '--raw', '--subdir', 'DAGS_FOLDER/pyspark_bmi.py', '--cfg-path', '/tmp/tmpa2t86utu']
[2022-11-14 02:04:18,420] {standard_task_runner.py:76} INFO - Job 8: Subtask generate_bmi_criteria
[2022-11-14 02:04:18,468] {logging_mixin.py:103} INFO - Running <TaskInstance: pyspark_bmi.generate_bmi_criteria 2022-11-13T12:00:00+00:00 [running]> on host 6f0683b4a09b
[2022-11-14 02:04:18,508] {taskinstance.py:1232} INFO - Exporting the following env vars:
AIRFLOW_CTX_DAG_OWNER=airflow
AIRFLOW_CTX_DAG_ID=pyspark_bmi
AIRFLOW_CTX_TASK_ID=generate_bmi_criteria
AIRFLOW_CTX_EXECUTION_DATE=2022-11-13T12:00:00+00:00
AIRFLOW_CTX_DAG_RUN_ID=backfill__2022-11-13T12:00:00+00:00
[2022-11-14 02:04:18,526] {pyspark_bmi.py:51} INFO - Job submitted successfully. Driver id is driver-20221114020418-0002
[2022-11-14 02:04:31,635] {pyspark_bmi.py:64} INFO - Job is finished. Moving to next task
[2022-11-14 02:04:31,635] {python.py:118} INFO - Done. Returned value was: None
[2022-11-14 02:04:31,643] {taskinstance.py:1142} INFO - Marking task as SUCCESS. dag_id=pyspark_bmi, task_id=generate_bmi_criteria, execution_date=20221113T120000, start_date=20221114T020418, end_date=20221114T020431
[2022-11-14 02:04:31,665] {taskinstance.py:1195} INFO - 0 downstream tasks scheduled from follow-on schedule check
[2022-11-14 02:04:31,691] {local_task_job.py:118} INFO - Task exited with return code 0
[2022-11-14 03:42:34,530] {taskinstance.py:826} INFO - Dependencies all met for <TaskInstance: pyspark_bmi.generate_bmi_criteria 2022-11-13T12:00:00+00:00 [queued]>
[2022-11-14 03:42:34,549] {taskinstance.py:826} INFO - Dependencies all met for <TaskInstance: pyspark_bmi.generate_bmi_criteria 2022-11-13T12:00:00+00:00 [queued]>
[2022-11-14 03:42:34,549] {taskinstance.py:1017} INFO - 
--------------------------------------------------------------------------------
[2022-11-14 03:42:34,549] {taskinstance.py:1018} INFO - Starting attempt 3 of 3
[2022-11-14 03:42:34,549] {taskinstance.py:1019} INFO - 
--------------------------------------------------------------------------------
[2022-11-14 03:42:34,559] {taskinstance.py:1038} INFO - Executing <Task(PythonOperator): generate_bmi_criteria> on 2022-11-13T12:00:00+00:00
[2022-11-14 03:42:34,564] {standard_task_runner.py:51} INFO - Started process 12072 to run task
[2022-11-14 03:42:34,568] {standard_task_runner.py:75} INFO - Running: ['airflow', 'tasks', 'run', 'pyspark_bmi', 'generate_bmi_criteria', '2022-11-13T12:00:00+00:00', '--job-id', '12', '--pool', 'default_pool', '--raw', '--subdir', 'DAGS_FOLDER/pyspark_bmi.py', '--cfg-path', '/tmp/tmp4iov1dlq']
[2022-11-14 03:42:34,570] {standard_task_runner.py:76} INFO - Job 12: Subtask generate_bmi_criteria
[2022-11-14 03:42:34,611] {logging_mixin.py:103} INFO - Running <TaskInstance: pyspark_bmi.generate_bmi_criteria 2022-11-13T12:00:00+00:00 [running]> on host 676a9425fa5f
[2022-11-14 03:42:34,649] {taskinstance.py:1232} INFO - Exporting the following env vars:
AIRFLOW_CTX_DAG_OWNER=airflow
AIRFLOW_CTX_DAG_ID=pyspark_bmi
AIRFLOW_CTX_TASK_ID=generate_bmi_criteria
AIRFLOW_CTX_EXECUTION_DATE=2022-11-13T12:00:00+00:00
AIRFLOW_CTX_DAG_RUN_ID=backfill__2022-11-13T12:00:00+00:00
[2022-11-14 03:42:34,666] {pyspark_bmi.py:52} INFO - Job submitted successfully. Driver id is driver-20221114034234-0002
[2022-11-14 03:42:48,772] {pyspark_bmi.py:65} INFO - Job is finished. Moving to next task
[2022-11-14 03:42:48,773] {python.py:118} INFO - Done. Returned value was: None
[2022-11-14 03:42:48,782] {taskinstance.py:1142} INFO - Marking task as SUCCESS. dag_id=pyspark_bmi, task_id=generate_bmi_criteria, execution_date=20221113T120000, start_date=20221114T034234, end_date=20221114T034248
[2022-11-14 03:42:48,805] {taskinstance.py:1195} INFO - 0 downstream tasks scheduled from follow-on schedule check
[2022-11-14 03:42:48,829] {local_task_job.py:118} INFO - Task exited with return code 0
