[2022-11-14 02:07:23,077] {taskinstance.py:826} INFO - Dependencies all met for <TaskInstance: pyspark_bmi.generate_bmi_criteria 2022-11-13T12:00:00+00:00 [queued]>
[2022-11-14 02:07:23,097] {taskinstance.py:826} INFO - Dependencies all met for <TaskInstance: pyspark_bmi.generate_bmi_criteria 2022-11-13T12:00:00+00:00 [queued]>
[2022-11-14 02:07:23,097] {taskinstance.py:1017} INFO - 
--------------------------------------------------------------------------------
[2022-11-14 02:07:23,097] {taskinstance.py:1018} INFO - Starting attempt 4 of 4
[2022-11-14 02:07:23,097] {taskinstance.py:1019} INFO - 
--------------------------------------------------------------------------------
[2022-11-14 02:07:23,106] {taskinstance.py:1038} INFO - Executing <Task(PythonOperator): generate_bmi_criteria> on 2022-11-13T12:00:00+00:00
[2022-11-14 02:07:23,111] {standard_task_runner.py:51} INFO - Started process 23380 to run task
[2022-11-14 02:07:23,114] {standard_task_runner.py:75} INFO - Running: ['airflow', 'tasks', 'run', 'pyspark_bmi', 'generate_bmi_criteria', '2022-11-13T12:00:00+00:00', '--job-id', '11', '--pool', 'default_pool', '--raw', '--subdir', 'DAGS_FOLDER/pyspark_bmi.py', '--cfg-path', '/tmp/tmp8pfnhdfb']
[2022-11-14 02:07:23,117] {standard_task_runner.py:76} INFO - Job 11: Subtask generate_bmi_criteria
[2022-11-14 02:07:23,162] {logging_mixin.py:103} INFO - Running <TaskInstance: pyspark_bmi.generate_bmi_criteria 2022-11-13T12:00:00+00:00 [running]> on host 6f0683b4a09b
[2022-11-14 02:07:23,204] {taskinstance.py:1232} INFO - Exporting the following env vars:
AIRFLOW_CTX_DAG_OWNER=airflow
AIRFLOW_CTX_DAG_ID=pyspark_bmi
AIRFLOW_CTX_TASK_ID=generate_bmi_criteria
AIRFLOW_CTX_EXECUTION_DATE=2022-11-13T12:00:00+00:00
AIRFLOW_CTX_DAG_RUN_ID=backfill__2022-11-13T12:00:00+00:00
[2022-11-14 02:07:23,224] {pyspark_bmi.py:51} INFO - Job submitted successfully. Driver id is driver-20221114020723-0003
[2022-11-14 02:07:37,335] {pyspark_bmi.py:64} INFO - Job is finished. Moving to next task
[2022-11-14 02:07:37,335] {python.py:118} INFO - Done. Returned value was: None
[2022-11-14 02:07:37,345] {taskinstance.py:1142} INFO - Marking task as SUCCESS. dag_id=pyspark_bmi, task_id=generate_bmi_criteria, execution_date=20221113T120000, start_date=20221114T020723, end_date=20221114T020737
[2022-11-14 02:07:37,373] {taskinstance.py:1195} INFO - 0 downstream tasks scheduled from follow-on schedule check
[2022-11-14 02:07:37,401] {local_task_job.py:118} INFO - Task exited with return code 0
[2022-11-14 03:46:46,991] {taskinstance.py:826} INFO - Dependencies all met for <TaskInstance: pyspark_bmi.generate_bmi_criteria 2022-11-13T12:00:00+00:00 [queued]>
[2022-11-14 03:46:47,059] {taskinstance.py:826} INFO - Dependencies all met for <TaskInstance: pyspark_bmi.generate_bmi_criteria 2022-11-13T12:00:00+00:00 [queued]>
[2022-11-14 03:46:47,059] {taskinstance.py:1017} INFO - 
--------------------------------------------------------------------------------
[2022-11-14 03:46:47,059] {taskinstance.py:1018} INFO - Starting attempt 4 of 4
[2022-11-14 03:46:47,059] {taskinstance.py:1019} INFO - 
--------------------------------------------------------------------------------
[2022-11-14 03:46:47,121] {taskinstance.py:1038} INFO - Executing <Task(PythonOperator): generate_bmi_criteria> on 2022-11-13T12:00:00+00:00
[2022-11-14 03:46:47,179] {standard_task_runner.py:51} INFO - Started process 20385 to run task
[2022-11-14 03:46:47,182] {standard_task_runner.py:75} INFO - Running: ['airflow', 'tasks', 'run', 'pyspark_bmi', 'generate_bmi_criteria', '2022-11-13T12:00:00+00:00', '--job-id', '15', '--pool', 'default_pool', '--raw', '--subdir', 'DAGS_FOLDER/pyspark_bmi.py', '--cfg-path', '/tmp/tmpdzx6w2w4']
[2022-11-14 03:46:47,185] {standard_task_runner.py:76} INFO - Job 15: Subtask generate_bmi_criteria
[2022-11-14 03:46:47,370] {logging_mixin.py:103} INFO - Running <TaskInstance: pyspark_bmi.generate_bmi_criteria 2022-11-13T12:00:00+00:00 [running]> on host 676a9425fa5f
[2022-11-14 03:46:47,427] {taskinstance.py:1232} INFO - Exporting the following env vars:
AIRFLOW_CTX_DAG_OWNER=airflow
AIRFLOW_CTX_DAG_ID=pyspark_bmi
AIRFLOW_CTX_TASK_ID=generate_bmi_criteria
AIRFLOW_CTX_EXECUTION_DATE=2022-11-13T12:00:00+00:00
AIRFLOW_CTX_DAG_RUN_ID=backfill__2022-11-13T12:00:00+00:00
[2022-11-14 03:46:47,442] {pyspark_bmi.py:53} INFO - Job submitted successfully. Driver id is driver-20221114034647-0003
[2022-11-14 03:47:00,548] {pyspark_bmi.py:66} INFO - Job is finished. Moving to next task
[2022-11-14 03:47:00,548] {python.py:118} INFO - Done. Returned value was: None
[2022-11-14 03:47:00,613] {taskinstance.py:1142} INFO - Marking task as SUCCESS. dag_id=pyspark_bmi, task_id=generate_bmi_criteria, execution_date=20221113T120000, start_date=20221114T034646, end_date=20221114T034700
[2022-11-14 03:47:00,782] {taskinstance.py:1195} INFO - 0 downstream tasks scheduled from follow-on schedule check
[2022-11-14 03:47:00,795] {local_task_job.py:118} INFO - Task exited with return code 0
