[2022-11-14 03:57:32,199] {taskinstance.py:826} INFO - Dependencies all met for <TaskInstance: pyspark_bmi.generate_bmi_criteria 2022-11-13T12:00:00+00:00 [queued]>
[2022-11-14 03:57:32,211] {taskinstance.py:826} INFO - Dependencies all met for <TaskInstance: pyspark_bmi.generate_bmi_criteria 2022-11-13T12:00:00+00:00 [queued]>
[2022-11-14 03:57:32,211] {taskinstance.py:1017} INFO - 
--------------------------------------------------------------------------------
[2022-11-14 03:57:32,212] {taskinstance.py:1018} INFO - Starting attempt 5 of 5
[2022-11-14 03:57:32,212] {taskinstance.py:1019} INFO - 
--------------------------------------------------------------------------------
[2022-11-14 03:57:32,225] {taskinstance.py:1038} INFO - Executing <Task(PythonOperator): generate_bmi_criteria> on 2022-11-13T12:00:00+00:00
[2022-11-14 03:57:32,229] {standard_task_runner.py:51} INFO - Started process 39211 to run task
[2022-11-14 03:57:32,233] {standard_task_runner.py:75} INFO - Running: ['airflow', 'tasks', 'run', 'pyspark_bmi', 'generate_bmi_criteria', '2022-11-13T12:00:00+00:00', '--job-id', '22', '--pool', 'default_pool', '--raw', '--subdir', 'DAGS_FOLDER/pyspark_bmi.py', '--cfg-path', '/tmp/tmpxd_xhjod']
[2022-11-14 03:57:32,235] {standard_task_runner.py:76} INFO - Job 22: Subtask generate_bmi_criteria
[2022-11-14 03:57:32,279] {logging_mixin.py:103} INFO - Running <TaskInstance: pyspark_bmi.generate_bmi_criteria 2022-11-13T12:00:00+00:00 [running]> on host 676a9425fa5f
[2022-11-14 03:57:32,316] {taskinstance.py:1232} INFO - Exporting the following env vars:
AIRFLOW_CTX_DAG_OWNER=airflow
AIRFLOW_CTX_DAG_ID=pyspark_bmi
AIRFLOW_CTX_TASK_ID=generate_bmi_criteria
AIRFLOW_CTX_EXECUTION_DATE=2022-11-13T12:00:00+00:00
AIRFLOW_CTX_DAG_RUN_ID=backfill__2022-11-13T12:00:00+00:00
[2022-11-14 03:57:32,336] {pyspark_bmi.py:57} INFO - Job submitted successfully. Driver id is driver-20221114035732-0004
[2022-11-14 03:57:47,477] {pyspark_bmi.py:70} INFO - Job is finished. Moving to next task
[2022-11-14 03:57:47,477] {python.py:118} INFO - Done. Returned value was: None
[2022-11-14 03:57:47,490] {taskinstance.py:1142} INFO - Marking task as SUCCESS. dag_id=pyspark_bmi, task_id=generate_bmi_criteria, execution_date=20221113T120000, start_date=20221114T035732, end_date=20221114T035747
[2022-11-14 03:57:47,521] {taskinstance.py:1195} INFO - 0 downstream tasks scheduled from follow-on schedule check
[2022-11-14 03:57:47,534] {local_task_job.py:118} INFO - Task exited with return code 0
