[2022-11-14 04:02:55,955] {taskinstance.py:826} INFO - Dependencies all met for <TaskInstance: pyspark_bmi.generate_bmi_criteria 2022-11-13T12:00:00+00:00 [queued]>
[2022-11-14 04:02:55,973] {taskinstance.py:826} INFO - Dependencies all met for <TaskInstance: pyspark_bmi.generate_bmi_criteria 2022-11-13T12:00:00+00:00 [queued]>
[2022-11-14 04:02:55,973] {taskinstance.py:1017} INFO - 
--------------------------------------------------------------------------------
[2022-11-14 04:02:55,973] {taskinstance.py:1018} INFO - Starting attempt 6 of 6
[2022-11-14 04:02:55,973] {taskinstance.py:1019} INFO - 
--------------------------------------------------------------------------------
[2022-11-14 04:02:55,982] {taskinstance.py:1038} INFO - Executing <Task(PythonOperator): generate_bmi_criteria> on 2022-11-13T12:00:00+00:00
[2022-11-14 04:02:55,986] {standard_task_runner.py:51} INFO - Started process 48427 to run task
[2022-11-14 04:02:55,989] {standard_task_runner.py:75} INFO - Running: ['airflow', 'tasks', 'run', 'pyspark_bmi', 'generate_bmi_criteria', '2022-11-13T12:00:00+00:00', '--job-id', '26', '--pool', 'default_pool', '--raw', '--subdir', 'DAGS_FOLDER/pyspark_bmi.py', '--cfg-path', '/tmp/tmp34e_5z03']
[2022-11-14 04:02:55,992] {standard_task_runner.py:76} INFO - Job 26: Subtask generate_bmi_criteria
[2022-11-14 04:02:56,038] {logging_mixin.py:103} INFO - Running <TaskInstance: pyspark_bmi.generate_bmi_criteria 2022-11-13T12:00:00+00:00 [running]> on host 676a9425fa5f
[2022-11-14 04:02:56,080] {taskinstance.py:1232} INFO - Exporting the following env vars:
AIRFLOW_CTX_DAG_OWNER=airflow
AIRFLOW_CTX_DAG_ID=pyspark_bmi
AIRFLOW_CTX_TASK_ID=generate_bmi_criteria
AIRFLOW_CTX_EXECUTION_DATE=2022-11-13T12:00:00+00:00
AIRFLOW_CTX_DAG_RUN_ID=backfill__2022-11-13T12:00:00+00:00
[2022-11-14 04:02:56,094] {pyspark_bmi.py:60} INFO - Job submitted successfully. Driver id is driver-20221114040256-0005
[2022-11-14 04:03:11,407] {pyspark_bmi.py:73} INFO - Job is finished. Moving to next task
[2022-11-14 04:03:11,408] {python.py:118} INFO - Done. Returned value was: None
[2022-11-14 04:03:11,417] {taskinstance.py:1142} INFO - Marking task as SUCCESS. dag_id=pyspark_bmi, task_id=generate_bmi_criteria, execution_date=20221113T120000, start_date=20221114T040255, end_date=20221114T040311
[2022-11-14 04:03:11,442] {taskinstance.py:1195} INFO - 0 downstream tasks scheduled from follow-on schedule check
[2022-11-14 04:03:11,454] {local_task_job.py:118} INFO - Task exited with return code 0
